0 info it worked if it ends with ok
1 verbose cli [ 'c:\\Program Files (x86)\\nodejs\\node.exe',
1 verbose cli   'c:\\Program Files (x86)\\nodejs\\node_modules\\npm\\bin\\npm-cli.js',
1 verbose cli   'install',
1 verbose cli   'gulp@^4' ]
2 info using npm@3.10.3
3 info using node@v6.3.1
4 silly loadCurrentTree Starting
5 silly install loadCurrentTree
6 silly install readLocalPackageData
7 silly fetchPackageMetaData gulp@^4
8 silly fetchNamedPackageData gulp
9 silly mapToRegistry name gulp
10 silly mapToRegistry using default registry
11 silly mapToRegistry registry https://registry.npmjs.org/
12 silly mapToRegistry data Result {
12 silly mapToRegistry   raw: 'gulp',
12 silly mapToRegistry   scope: null,
12 silly mapToRegistry   escapedName: 'gulp',
12 silly mapToRegistry   name: 'gulp',
12 silly mapToRegistry   rawSpec: '',
12 silly mapToRegistry   spec: 'latest',
12 silly mapToRegistry   type: 'tag' }
13 silly mapToRegistry uri https://registry.npmjs.org/gulp
14 verbose request uri https://registry.npmjs.org/gulp
15 verbose request no auth needed
16 info attempt registry request try #1 at 7:24:27 PM
17 verbose request using bearer token for auth
18 verbose request id d3ea5b852c9a3564
19 verbose etag "5KTBNCMWCGMY836KGRWLJUX6M"
20 http request GET https://registry.npmjs.org/gulp
21 http 304 https://registry.npmjs.org/gulp
22 verbose headers { 'cache-control': 'max-age=300',
22 verbose headers   'accept-ranges': 'bytes',
22 verbose headers   date: 'Mon, 29 Aug 2016 11:24:28 GMT',
22 verbose headers   via: '1.1 varnish',
22 verbose headers   connection: 'keep-alive',
22 verbose headers   'x-served-by': 'cache-nrt6128-NRT',
22 verbose headers   'x-cache': 'MISS',
22 verbose headers   'x-cache-hits': '0',
22 verbose headers   'x-timer': 'S1472469867.866515,VS0,VE723',
22 verbose headers   vary: 'Accept-Encoding' }
23 silly get cb [ 304,
23 silly get   { 'cache-control': 'max-age=300',
23 silly get     'accept-ranges': 'bytes',
23 silly get     date: 'Mon, 29 Aug 2016 11:24:28 GMT',
23 silly get     via: '1.1 varnish',
23 silly get     connection: 'keep-alive',
23 silly get     'x-served-by': 'cache-nrt6128-NRT',
23 silly get     'x-cache': 'MISS',
23 silly get     'x-cache-hits': '0',
23 silly get     'x-timer': 'S1472469867.866515,VS0,VE723',
23 silly get     vary: 'Accept-Encoding' } ]
24 verbose etag https://registry.npmjs.org/gulp from cache
25 verbose get saving gulp to C:\Users\v-guiliu\AppData\Roaming\npm-cache\registry.npmjs.org\gulp\.cache.json
26 verbose correctMkdir C:\Users\v-guiliu\AppData\Roaming\npm-cache correctMkdir not in flight; initializing
27 silly fetchNamedPackageData No valid target from cache, forcing network
28 verbose request uri https://registry.npmjs.org/gulp
29 verbose request no auth needed
30 info attempt registry request try #1 at 7:24:28 PM
31 verbose request using bearer token for auth
32 http request GET https://registry.npmjs.org/gulp
33 http 200 https://registry.npmjs.org/gulp
34 verbose headers { server: 'CouchDB/1.5.0 (Erlang OTP/R16B03)',
34 verbose headers   etag: '"5KTBNCMWCGMY836KGRWLJUX6M"',
34 verbose headers   'content-type': 'application/json',
34 verbose headers   'content-encoding': 'gzip',
34 verbose headers   'cache-control': 'max-age=300',
34 verbose headers   'transfer-encoding': 'chunked',
34 verbose headers   'accept-ranges': 'bytes',
34 verbose headers   date: 'Mon, 29 Aug 2016 11:24:28 GMT',
34 verbose headers   via: '1.1 varnish',
34 verbose headers   connection: 'keep-alive',
34 verbose headers   'x-served-by': 'cache-nrt6128-NRT',
34 verbose headers   'x-cache': 'MISS',
34 verbose headers   'x-cache-hits': '0',
34 verbose headers   'x-timer': 'S1472469868.762354,VS0,VE226',
34 verbose headers   vary: 'Accept-Encoding' }
35 silly get cb [ 200,
35 silly get   { server: 'CouchDB/1.5.0 (Erlang OTP/R16B03)',
35 silly get     etag: '"5KTBNCMWCGMY836KGRWLJUX6M"',
35 silly get     'content-type': 'application/json',
35 silly get     'content-encoding': 'gzip',
35 silly get     'cache-control': 'max-age=300',
35 silly get     'transfer-encoding': 'chunked',
35 silly get     'accept-ranges': 'bytes',
35 silly get     date: 'Mon, 29 Aug 2016 11:24:28 GMT',
35 silly get     via: '1.1 varnish',
35 silly get     connection: 'keep-alive',
35 silly get     'x-served-by': 'cache-nrt6128-NRT',
35 silly get     'x-cache': 'MISS',
35 silly get     'x-cache-hits': '0',
35 silly get     'x-timer': 'S1472469868.762354,VS0,VE226',
35 silly get     vary: 'Accept-Encoding' } ]
36 verbose get saving gulp to C:\Users\v-guiliu\AppData\Roaming\npm-cache\registry.npmjs.org\gulp\.cache.json
37 verbose correctMkdir C:\Users\v-guiliu\AppData\Roaming\npm-cache correctMkdir not in flight; initializing
38 silly fetchPackageMetaData Error: No compatible version found: gulp@^4
38 silly fetchPackageMetaData Valid install targets:
38 silly fetchPackageMetaData 3.9.1, 3.9.0, 3.8.11, 3.8.10, 3.8.9, 3.8.8, 3.8.7, 3.8.6, 3.8.5, 3.8.4, 3.8.3, 3.8.2, 3.8.1, 3.8.0, 3.7.0, 3.6.2, 3.6.1, 3.6.0, 3.5.6, 3.5.5, 3.5.2, 3.5.1, 3.5.0, 3.4.0, 3.3.4, 3.3.2, 3.3.1, 3.3.0, 3.2.5, 3.2.4, 3.2.3, 3.2.2, 3.2.1, 3.2.0, 3.1.4, 3.1.3, 3.1.2, 3.1.1, 3.0.0, 2.7.0, 2.6.1, 2.6.0, 2.4.1, 2.4.0, 2.3.0, 2.2.0, 2.1.0, 2.0.1, 2.0.0, 1.2.1, 1.2.0, 1.1.0, 1.0.0, 0.2.0, 0.1.0, 0.0.9, 0.0.8, 0.0.7, 0.0.5, 0.0.4, 0.0.3, 0.0.2, 0.0.1
38 silly fetchPackageMetaData
38 silly fetchPackageMetaData     at pickVersionFromRegistryDocument (C:\Program Files (x86)\nodejs\node_modules\npm\lib\fetch-package-metadata.js:170:16)
38 silly fetchPackageMetaData     at C:\Program Files (x86)\nodejs\node_modules\npm\node_modules\iferr\index.js:13:50
38 silly fetchPackageMetaData     at C:\Program Files (x86)\nodejs\node_modules\npm\lib\utils\pulse-till-done.js:20:8
38 silly fetchPackageMetaData     at saved (C:\Program Files (x86)\nodejs\node_modules\npm\lib\cache\caching-client.js:174:7)
38 silly fetchPackageMetaData     at C:\Program Files (x86)\nodejs\node_modules\npm\node_modules\graceful-fs\polyfills.js:210:7
38 silly fetchPackageMetaData     at FSReqWrap.oncomplete (fs.js:123:15)
38 silly fetchPackageMetaData  error for gulp@^4 Error: No compatible version found: gulp@^4
38 silly fetchPackageMetaData Valid install targets:
38 silly fetchPackageMetaData 3.9.1, 3.9.0, 3.8.11, 3.8.10, 3.8.9, 3.8.8, 3.8.7, 3.8.6, 3.8.5, 3.8.4, 3.8.3, 3.8.2, 3.8.1, 3.8.0, 3.7.0, 3.6.2, 3.6.1, 3.6.0, 3.5.6, 3.5.5, 3.5.2, 3.5.1, 3.5.0, 3.4.0, 3.3.4, 3.3.2, 3.3.1, 3.3.0, 3.2.5, 3.2.4, 3.2.3, 3.2.2, 3.2.1, 3.2.0, 3.1.4, 3.1.3, 3.1.2, 3.1.1, 3.0.0, 2.7.0, 2.6.1, 2.6.0, 2.4.1, 2.4.0, 2.3.0, 2.2.0, 2.1.0, 2.0.1, 2.0.0, 1.2.1, 1.2.0, 1.1.0, 1.0.0, 0.2.0, 0.1.0, 0.0.9, 0.0.8, 0.0.7, 0.0.5, 0.0.4, 0.0.3, 0.0.2, 0.0.1
38 silly fetchPackageMetaData
38 silly fetchPackageMetaData     at pickVersionFromRegistryDocument (C:\Program Files (x86)\nodejs\node_modules\npm\lib\fetch-package-metadata.js:170:16)
38 silly fetchPackageMetaData     at C:\Program Files (x86)\nodejs\node_modules\npm\node_modules\iferr\index.js:13:50
38 silly fetchPackageMetaData     at C:\Program Files (x86)\nodejs\node_modules\npm\lib\utils\pulse-till-done.js:20:8
38 silly fetchPackageMetaData     at saved (C:\Program Files (x86)\nodejs\node_modules\npm\lib\cache\caching-client.js:174:7)
38 silly fetchPackageMetaData     at C:\Program Files (x86)\nodejs\node_modules\npm\node_modules\graceful-fs\polyfills.js:210:7
38 silly fetchPackageMetaData     at FSReqWrap.oncomplete (fs.js:123:15)
39 silly rollbackFailedOptional Starting
40 silly rollbackFailedOptional Finishing
41 silly runTopLevelLifecycles Starting
42 silly runTopLevelLifecycles Finishing
43 silly install printInstalled
44 verbose stack Error: No compatible version found: gulp@^4
44 verbose stack Valid install targets:
44 verbose stack 3.9.1, 3.9.0, 3.8.11, 3.8.10, 3.8.9, 3.8.8, 3.8.7, 3.8.6, 3.8.5, 3.8.4, 3.8.3, 3.8.2, 3.8.1, 3.8.0, 3.7.0, 3.6.2, 3.6.1, 3.6.0, 3.5.6, 3.5.5, 3.5.2, 3.5.1, 3.5.0, 3.4.0, 3.3.4, 3.3.2, 3.3.1, 3.3.0, 3.2.5, 3.2.4, 3.2.3, 3.2.2, 3.2.1, 3.2.0, 3.1.4, 3.1.3, 3.1.2, 3.1.1, 3.0.0, 2.7.0, 2.6.1, 2.6.0, 2.4.1, 2.4.0, 2.3.0, 2.2.0, 2.1.0, 2.0.1, 2.0.0, 1.2.1, 1.2.0, 1.1.0, 1.0.0, 0.2.0, 0.1.0, 0.0.9, 0.0.8, 0.0.7, 0.0.5, 0.0.4, 0.0.3, 0.0.2, 0.0.1
44 verbose stack
44 verbose stack     at pickVersionFromRegistryDocument (C:\Program Files (x86)\nodejs\node_modules\npm\lib\fetch-package-metadata.js:170:16)
44 verbose stack     at C:\Program Files (x86)\nodejs\node_modules\npm\node_modules\iferr\index.js:13:50
44 verbose stack     at C:\Program Files (x86)\nodejs\node_modules\npm\lib\utils\pulse-till-done.js:20:8
44 verbose stack     at saved (C:\Program Files (x86)\nodejs\node_modules\npm\lib\cache\caching-client.js:174:7)
44 verbose stack     at C:\Program Files (x86)\nodejs\node_modules\npm\node_modules\graceful-fs\polyfills.js:210:7
44 verbose stack     at FSReqWrap.oncomplete (fs.js:123:15)
45 verbose cwd e:\Business\S3PUI\public
46 error Windows_NT 10.0.14393
47 error argv "c:\\Program Files (x86)\\nodejs\\node.exe" "c:\\Program Files (x86)\\nodejs\\node_modules\\npm\\bin\\npm-cli.js" "install" "gulp@^4"
48 error node v6.3.1
49 error npm  v3.10.3
50 error No compatible version found: gulp@^4
50 error Valid install targets:
50 error 3.9.1, 3.9.0, 3.8.11, 3.8.10, 3.8.9, 3.8.8, 3.8.7, 3.8.6, 3.8.5, 3.8.4, 3.8.3, 3.8.2, 3.8.1, 3.8.0, 3.7.0, 3.6.2, 3.6.1, 3.6.0, 3.5.6, 3.5.5, 3.5.2, 3.5.1, 3.5.0, 3.4.0, 3.3.4, 3.3.2, 3.3.1, 3.3.0, 3.2.5, 3.2.4, 3.2.3, 3.2.2, 3.2.1, 3.2.0, 3.1.4, 3.1.3, 3.1.2, 3.1.1, 3.0.0, 2.7.0, 2.6.1, 2.6.0, 2.4.1, 2.4.0, 2.3.0, 2.2.0, 2.1.0, 2.0.1, 2.0.0, 1.2.1, 1.2.0, 1.1.0, 1.0.0, 0.2.0, 0.1.0, 0.0.9, 0.0.8, 0.0.7, 0.0.5, 0.0.4, 0.0.3, 0.0.2, 0.0.1
51 error If you need help, you may report this error at:
51 error     <https://github.com/npm/npm/issues>
52 verbose exit [ 1, true ]
